[2026-04-15 09:19:33] ALERT_SENT | Source: Diva AI | Lead: Saurabh Sharma | Mobile: 9999999999 | Product: LAP
[2026-04-15 09:23:06] ALERT_SENT | Source: Diva AI | Lead: Saurabh Sharma | Mobile: 9999999999 | Product: LAP
[2026-04-15 09:24:32] ALERT_SENT | Source: Diva AI | Lead: Saurabh Sharma | Mobile: 9999999999 | Product: LAP
[2026-04-15 11:38:47] ALERT_SENT | Source: Diva AI | Lead: Saurabh Sharma | Mobile: 9999999999 | Product: LAP
[2026-04-15 11:59:55] ALERT_SENT | Source: Diva AI | Lead: Saurabh Sharma | Mobile: 9999999999 | Product: LAP
[2026-04-16 06:29:32] ALERT_SENT | Source: Diva AI | Lead: Saurabh Sharma | Mobile: 9999999999 | Product: LAP
[2026-04-16 16:58:33] ALERT_SENT | Source: Diva AI | Lead: huhu | Mobile: 9999999999 | Product: home
[2026-04-16 17:44:46] ALERT_SENT | Source: Diva AI | Lead: huhuhuh | Mobile: 9999999999 | Product: home
[2026-04-17 10:35:29] ALERT_SENT | Source: Diva AI | Lead: panchi2 | Mobile: 8908908908 | Product: home
[2026-04-18 03:55:29] ALERT_SENT | Source: Diva AI | Lead: butra | Mobile: 8989898989 | Product: home
[2026-05-08 12:19:35] ALERT_SENT | Source: Diva AI | Lead: prach | Mobile: 9898989898 | Product: home
[2026-05-08 12:31:51] ALERT_SENT | Source: Diva AI | Lead: Prachi Sharma | Mobile: 9898989898 | Product: home
[2026-05-08 12:39:01] ALERT_SENT | Source: Diva AI | Lead: Prachi Sharma | Mobile: 9898989898 | Product: home
[2026-05-08 12:42:19] ALERT_SENT | Source: Diva AI | Lead: Prachi Sharma | Mobile: 9898989898 | Product: home
[2026-05-08 12:42:31] ALERT_SENT | Source: Diva AI | Lead: Prachi Sharma | Mobile: 9898989898 | Product: home
[2026-05-08 12:53:35] ALERT_SENT | Source: Diva AI | Lead: Test User | Mobile: 9898989898 | Product: lap
[2026-05-08 13:01:04] ALERT_SENT | Source: Diva AI | Lead: prachs | Mobile: 9329329329 | Product: home
[2026-05-09 08:50:49] ALERT_SENT | Source: Diva AI | Lead: prachss | Mobile: 9090909090 | Product: home
[2026-05-09 08:58:02] ALERT_SENT | Source: Diva AI | Lead: prachss | Mobile: 9090909090 | Product: home
[2026-05-09 08:58:30] ALERT_SENT | Source: Diva AI | Lead: prachss | Mobile: 9090909090 | Product: home
[2026-05-09 08:59:08] ALERT_SENT | Source: Diva AI | Lead: prachss | Mobile: 9090909090 | Product: home
[2026-05-09 09:02:16] ALERT_SENT | Source: Diva AI | Lead: prachss | Mobile: 9090909090 | Product: home
[2026-05-09 09:25:58] ALERT_SENT | Source: Diva AI | Lead: chetsss | Mobile: 9090909090 | Product: working capital loan mil jayega
[2026-05-13 02:12:14] ALERT_SENT | Source: Diva AI | Lead: sumit | Mobile: 9090909090 | Product: home
[2026-05-13 02:18:09] ALERT_SENT | Source: Diva AI | Lead: sumitk | Mobile: 9090909090 | Product: home
